<?xml version="1.0" encoding="UTF-8"?>
<testng-results skipped="0" failed="0" ignored="0" total="1" passed="1">
  <reporter-output>
  </reporter-output>
  <suite name="Suite" duration-ms="115368" started-at="2020-07-08T14:12:34Z" finished-at="2020-07-08T14:14:29Z">
    <groups>
    </groups>
    <test name="Test" duration-ms="115368" started-at="2020-07-08T14:12:34Z" finished-at="2020-07-08T14:14:29Z">
      <class name="com.test.LG.test">
        <test-method status="PASS" signature="openbrowser()[pri:0, instance:com.test.LG.test@544a2ea6]" name="openbrowser" is-config="true" duration-ms="108901" started-at="2020-07-08T14:12:34Z" finished-at="2020-07-08T14:14:23Z">
          <reporter-output>
          </reporter-output>
        </test-method> <!-- openbrowser -->
        <test-method status="PASS" signature="login()[pri:0, instance:com.test.LG.test@544a2ea6]" name="login" duration-ms="6135" started-at="2020-07-08T14:14:23Z" finished-at="2020-07-08T14:14:29Z">
          <reporter-output>
          </reporter-output>
        </test-method> <!-- login -->
        <test-method status="PASS" signature="quitApplication()[pri:0, instance:com.test.LG.test@544a2ea6]" name="quitApplication" is-config="true" duration-ms="2" started-at="2020-07-08T14:14:29Z" finished-at="2020-07-08T14:14:29Z">
          <reporter-output>
          </reporter-output>
        </test-method> <!-- quitApplication -->
      </class> <!-- com.test.LG.test -->
    </test> <!-- Test -->
  </suite> <!-- Suite -->
</testng-results>
